<?xml version="1.0" encoding="UTF-8"?>
<testng-results ignored="0" total="3" passed="3" failed="0" skipped="0">
  <reporter-output>
  </reporter-output>
  <suite started-at="2022-03-06T20:32:47 CET" name="Suite" finished-at="2022-03-06T20:32:47 CET" duration-ms="32">
    <groups>
    </groups>
    <test started-at="2022-03-06T20:32:47 CET" name="Test" finished-at="2022-03-06T20:32:47 CET" duration-ms="32">
      <class name="com.myproject.tests.Test1">
        <test-method signature="testCase1()[pri:0, instance:com.myproject.tests.Test1@4229bb3f]" started-at="2022-03-06T20:32:47 CET" name="testCase1" finished-at="2022-03-06T20:32:47 CET" duration-ms="7" status="PASS">
          <reporter-output>
          </reporter-output>
        </test-method> <!-- testCase1 -->
        <test-method signature="testCase2()[pri:0, instance:com.myproject.tests.Test1@4229bb3f]" started-at="2022-03-06T20:32:47 CET" name="testCase2" finished-at="2022-03-06T20:32:47 CET" duration-ms="1" status="PASS">
          <reporter-output>
          </reporter-output>
        </test-method> <!-- testCase2 -->
        <test-method signature="testCase3()[pri:0, instance:com.myproject.tests.Test1@4229bb3f]" started-at="2022-03-06T20:32:47 CET" name="testCase3" finished-at="2022-03-06T20:32:47 CET" duration-ms="1" status="PASS">
          <reporter-output>
          </reporter-output>
        </test-method> <!-- testCase3 -->
      </class> <!-- com.myproject.tests.Test1 -->
    </test> <!-- Test -->
  </suite> <!-- Suite -->
</testng-results>
