<?xml version="1.0" encoding="UTF-8"?>
<!-- Generated by org.testng.reporters.JUnitXMLReporter -->
<testsuite ignored="0" hostname="NCHETTY01" failures="0" tests="3" name="Test" time="0.032" errors="0" timestamp="2022-03-06T20:32:47 CET">
  <testcase classname="com.myproject.tests.Test1" name="testCase1" time="0.007"/>
  <testcase classname="com.myproject.tests.Test1" name="testCase2" time="0.001"/>
  <testcase classname="com.myproject.tests.Test1" name="testCase3" time="0.001"/>
</testsuite> <!-- Test -->
